C:\USERS\PC\DROPBOX\BLOG\SORT\SORT\DEBUG\BOGO.OBJ
C:\USERS\PC\DROPBOX\BLOG\SORT\SORT\DEBUG\BUBBLE.OBJ
C:\USERS\PC\DROPBOX\BLOG\SORT\SORT\DEBUG\COCKTAIL.OBJ
C:\USERS\PC\DROPBOX\BLOG\SORT\SORT\DEBUG\COMB.OBJ
C:\USERS\PC\DROPBOX\BLOG\SORT\SORT\DEBUG\DEMO.OBJ
C:\USERS\PC\DROPBOX\BLOG\SORT\SORT\DEBUG\GNOME.OBJ
C:\USERS\PC\DROPBOX\BLOG\SORT\SORT\DEBUG\HEAPSORT.OBJ
C:\USERS\PC\DROPBOX\BLOG\SORT\SORT\DEBUG\INSERTION.OBJ
C:\USERS\PC\DROPBOX\BLOG\SORT\SORT\DEBUG\MERGESORT.OBJ
C:\USERS\PC\DROPBOX\BLOG\SORT\SORT\DEBUG\QSORTH.OBJ
C:\USERS\PC\DROPBOX\BLOG\SORT\SORT\DEBUG\QSORT3WAY.OBJ
C:\USERS\PC\DROPBOX\BLOG\SORT\SORT\DEBUG\QUICKL.OBJ
C:\USERS\PC\DROPBOX\BLOG\SORT\SORT\DEBUG\SELECTION.OBJ
C:\USERS\PC\DROPBOX\BLOG\SORT\SORT\DEBUG\SHELL.OBJ
C:\USERS\PC\DROPBOX\BLOG\SORT\SORT\DEBUG\TEST.OBJ
C:\USERS\PC\DROPBOX\BLOG\SORT\SORT\DEBUG\UTILS.OBJ
C:\USERS\PC\DROPBOX\BLOG\SORT\SORT\DEBUG\VC110.PDB
C:\USERS\PC\DROPBOX\BLOG\SORT\DEBUG\SORT.ILK
C:\USERS\PC\DROPBOX\BLOG\SORT\DEBUG\SORT.EXE
C:\USERS\PC\DROPBOX\BLOG\SORT\DEBUG\SORT.PDB
C:\Users\PC\Dropbox\Blog\Sort\Sort\Debug\bogo.obj
C:\Users\PC\Dropbox\Blog\Sort\Sort\Debug\bubble.obj
C:\Users\PC\Dropbox\Blog\Sort\Sort\Debug\cocktail.obj
C:\Users\PC\Dropbox\Blog\Sort\Sort\Debug\comb.obj
C:\Users\PC\Dropbox\Blog\Sort\Sort\Debug\demo.obj
C:\Users\PC\Dropbox\Blog\Sort\Sort\Debug\gnome.obj
C:\Users\PC\Dropbox\Blog\Sort\Sort\Debug\heapSort.obj
C:\Users\PC\Dropbox\Blog\Sort\Sort\Debug\insertion.obj
C:\Users\PC\Dropbox\Blog\Sort\Sort\Debug\mergeSort.obj
C:\Users\PC\Dropbox\Blog\Sort\Sort\Debug\qsort3way.obj
C:\Users\PC\Dropbox\Blog\Sort\Sort\Debug\qsortH.obj
C:\Users\PC\Dropbox\Blog\Sort\Sort\Debug\quickL.obj
C:\Users\PC\Dropbox\Blog\Sort\Sort\Debug\selection.obj
C:\Users\PC\Dropbox\Blog\Sort\Sort\Debug\shell.obj
C:\Users\PC\Dropbox\Blog\Sort\Sort\Debug\test.obj
C:\Users\PC\Dropbox\Blog\Sort\Sort\Debug\utils.obj
C:\Users\PC\Dropbox\Blog\Sort\Sort\Debug\cl.command.1.tlog
C:\Users\PC\Dropbox\Blog\Sort\Sort\Debug\CL.read.1.tlog
C:\Users\PC\Dropbox\Blog\Sort\Sort\Debug\CL.write.1.tlog
C:\Users\PC\Dropbox\Blog\Sort\Sort\Debug\link-cvtres.read.1.tlog
C:\Users\PC\Dropbox\Blog\Sort\Sort\Debug\link-cvtres.write.1.tlog
C:\Users\PC\Dropbox\Blog\Sort\Sort\Debug\link-rc.read.1.tlog
C:\Users\PC\Dropbox\Blog\Sort\Sort\Debug\link-rc.write.1.tlog
C:\Users\PC\Dropbox\Blog\Sort\Sort\Debug\link.command.1.tlog
C:\Users\PC\Dropbox\Blog\Sort\Sort\Debug\link.read.1.tlog
C:\Users\PC\Dropbox\Blog\Sort\Sort\Debug\link.write.1.tlog
C:\Users\PC\Dropbox\Blog\Sort\Sort\Debug\vc110.idb
C:\Users\PC\Dropbox\Blog\Sort\Sort\Debug\vc110.pdb
C:\Users\PC\Dropbox\Blog\Sort\Debug\Sort.pdb
C:\Users\PC\Dropbox\Blog\Sort\Debug\Sort.exe
C:\Users\PC\Dropbox\Blog\Sort\Debug\Sort.ilk
